<?xml version="1.0" encoding="UTF-8"?>
<testsuite xmlns:xsi="http://www.w3.org/2001/XMLSchema-instance" xsi:noNamespaceSchemaLocation="https://maven.apache.org/surefire/maven-surefire-plugin/xsd/surefire-test-report-3.0.xsd" version="3.0" name="com.openharness.tools.McpAuthToolTest" time="0.009" tests="3" errors="0" skipped="0" failures="0">
  <properties>
[...]
</properties>
  <testcase name="shouldRejectNullMode" classname="com.openharness.tools.McpAuthToolTest" time="0.0"/>
  <testcase name="shouldRejectNullServerName" classname="com.openharness.tools.McpAuthToolTest" time="0.0"/>
  <testcase name="shouldPersistBearerAuth(Path)" classname="com.openharness.tools.McpAuthToolTest" time="0.008"/>
</testsuite>